MCS-86 ASSEMBLER    DISLNK86                                                                                  PAGE    1



ISIS-II MCS-86 ASSEMBLER V1.0 ASSEMBLY OF MODULE DISLNK86
OBJECT MODULE PLACED IN DISLNK86.OBJ
ASSEMBLER INVOKED BY: ASM86 DISLNK86.ASM DEBUG
     
LOC  OBJ                  LINE   SOURCE

                             1   ;      transient interface module for 8086
                             2   ;       JULY, 1980
                             3   dgroup  group   dats
----                         4   dats    segment public  'DATS'
0000 3F                      5           db      '?'
----                         6   dats    ends
                             7   cgroup  group   code
                             8           extrn   disem:near
                             9           public  boot
                            10           public  conin,conout
----                        11   code    segment public 'CODE'
                            12           assume cs:cgroup
0000                        13   disent  proc
1400                        14           org     1400h
1400 E90000          E      15           jmp     disem
                            16   disent  endp
1403                        17   boot    proc
1403 C3                     18           ret
                            19   boot    endp
1404                        20   conin   proc
1404 E9FCEC                 21           jmp     $-1301h
                            22   conin   endp
1407                        23   conout  proc
1407 E9FCEC                 24           jmp     $-1301h
                            25   conout  endp
----                        26   code    ends
                            27           end
MCS-86 ASSEMBLER    DISLNK86                                                                                  PAGE    2





SYMBOL TABLE LISTING
------ ----- -------


NAME    TYPE     VALUE  ATTRIBUTES

BOOT. . L NEAR   1403H  CODE PUBLIC
CGROUP. GROUP           CODE 
CODE. . SEGMENT         SIZE=140AH PARA PUBLIC 'CODE'
CONIN . L NEAR   1404H  CODE PUBLIC
CONOUT. L NEAR   1407H  CODE PUBLIC
DATS. . SEGMENT         SIZE=0001H PARA PUBLIC 'DATS'
DGROUP. GROUP           DATS 
DISEM . L NEAR   0000H  EXTRN
DISENT. L NEAR   0000H  CODE


ASSEMBLY COMPLETE, NO ERRORS FOUND
