


11D>make e:




11D>E:STAT MACHINE.H=RW



D:MACHINE .H   SET TO READ WRITE (RW)

11D>E:PIP MACHINE.H=MACHINE.68K



11D>E:STAT KLIB.H=RW



D:KLIB    .H   SET TO READ WRITE (RW)

11D>E:PIP D:=KLIB.H[G4



11D>E:STAT STDIO.H=RW



D:STDIO   .H   SET TO READ WRITE (RW)

11D>E:PIP D:=STDIO.H[G6



11D>E:STAT PORTAB.H=RW



D:PORTAB  .H   SET TO READ WRITE (RW)

11D>E:PIP D:=PORTAB.H[G6



11D>E:CP68 CEXPR.C E:X.I



11D>E:C068 E:X.I E:X.IC E:X.ST



11D>E:C168 E:X.IC CEXPR.S -LD



11D>ERA E:X.I



11D>ERA E:X.IC



11D>ERA E:X.ST



11D>E:AS68 -S 0E: -F E: -L -U CEXPR.S



11D>ERA CEXPR.S



11D>E:CP68 LEX.C E:X.I



11D>E:C068 E:X.I E:X.IC E:X.ST



11D>E:C168 E:X.IC LEX.S -LD



11D>ERA E:X.I



11D>ERA E:X.IC



11D>ERA E:X.ST



11D>E:AS68 -S 0E: -F E: -L -U LEX.S



11D>ERA LEX.S



11D>E:CP68 MACRO.C E:X.I



11D>E:C068 E:X.I E:X.IC E:X.ST



11D>E:C168 E:X.IC MACRO.S -LD



11D>ERA E:X.I



11D>ERA E:X.IC



11D>ERA E:X.ST



11D>E:AS68 -S 0E: -F E: -L -U MACRO.S



11D>ERA MACRO.S



11D>E:CP68 MAIN.C E:X.I



11D>E:C068 E:X.I E:X.IC E:X.ST



11D>E:C168 E:X.IC MAIN.S -LD



11D>ERA E:X.I



11D>ERA E:X.IC



11D>ERA E:X.ST



11D>E:AS68 -S 0E: -F E: -L -U MAIN.S



11D>ERA MAIN.S



11D>E:CP68 UTIL.C E:X.I



11D>E:C068 E:X.I E:X.IC E:X.ST



11D>E:C168 E:X.IC UTIL.S -LD



11D>ERA E:X.I



11D>ERA E:X.IC



11D>ERA E:X.ST



11D>E:AS68 -S 0E: -F E: -L -U UTIL.S



11D>ERA UTIL.S



11D>LINK E:



11D>E:LO68 -F E: -R -O CP68.REL -UNOFLOAT 0E:S.O CEXPR.O LEX.O MACRO.O MAIN.O UTIL.O 0E:LIB6.A 0E:CLIB



11D>ERA *.O



11D>;user 12!make E:

11D>
