C P / M   6 8 0 0 0   A s s e m b l e r		Revision 02.03		Page   1
Source File: ccpbdos.s

   1                               *************************************************************************
   2                               *                                                                       *
   3                               *                       INTERFACE MODULE BETWEEN                        *
   4                               *                           CCP and THE BDOS                            *
   5                               *                                                                       *
   6                               *                                                                       *
   7                               *           THIS IS THE DUAL PROCESSOR,ROMABLE CP/M-68K SYSTEM          *
   8                               *           ==================================================          *
   9                               *                                                                       *
  10                               *       (C) Copyright Digital Research 1983 all rights reserved         *
  11                               *                                                                       *
  12                               *************************************************************************
  13                               
  14                               .globl  _bdos
  15 00000000 302F0004             _bdos:          move.w 4(sp),d0
  16 00000004 222F0006                             move.l 6(sp),d1
  17 00000008 4E42                                 trap #2
  18 0000000A 4E75                                 rts
C P / M   6 8 0 0 0   A s s e m b l e r		Revision 02.03		Page   2
Source File: ccpbdos.s

S y m b o l   T a b l e

_bdos     00000000 TEXT  